<?xml version="1.0" encoding="UTF-8"?>
<!-- Generated by org.testng.reporters.JUnitReportReporter -->
<testsuite hostname="DESKTOP-4DS910L" failures="0" tests="1" name="testscript.JavaScriptExecuter" time="32.646" errors="0" timestamp="2024-12-05T21:44:16 IST" skipped="0">
  <testcase classname="testscript.JavaScriptExecuter" name="javaScriptScroll" time="32.646"/>
</testsuite> <!-- testscript.JavaScriptExecuter -->
