<?xml version="1.0" encoding="UTF-8"?>
<!-- Generated by org.testng.reporters.JUnitReportReporter -->
<testsuite hostname="DESKTOP-4DS910L" failures="0" tests="1" name="testscript.Sample" time="8.645" errors="0" timestamp="2024-12-04T20:34:30 IST" skipped="0">
  <testcase classname="testscript.Sample" name="getText" time="8.645"/>
</testsuite> <!-- testscript.Sample -->
