<?xml version="1.0" encoding="UTF-8"?>
<!-- Generated by org.testng.reporters.JUnitReportReporter -->
<testsuite hostname="DESKTOP-4DS910L" failures="0" tests="1" name="testscript.Elements" time="15.333" errors="0" timestamp="2024-12-09T19:59:26 IST" skipped="0">
  <testcase classname="testscript.Elements" name="fileUploadAndDownload" time="15.333"/>
</testsuite> <!-- testscript.Elements -->
