<?xml version="1.0" encoding="UTF-8"?>
<!-- Generated by org.testng.reporters.JUnitReportReporter -->
<testsuite hostname="DESKTOP-4DS910L" failures="0" tests="1" name="testscript.JavaScript" time="17.809" errors="0" timestamp="2024-12-05T22:15:14 IST" skipped="0">
  <testcase classname="testscript.JavaScript" name="javaScriptScroll" time="17.809"/>
</testsuite> <!-- testscript.JavaScript -->
