<?xml version="1.0" encoding="UTF-8"?>
<!-- Generated by org.testng.reporters.JUnitReportReporter -->
<testsuite hostname="DESKTOP-4DS910L" failures="0" tests="1" name="testscript.FileUpload" time="14.652" errors="0" timestamp="2024-12-04T21:38:43 IST" skipped="0">
  <testcase classname="testscript.FileUpload" name="fileUploadUsingRobotClass" time="14.652"/>
</testsuite> <!-- testscript.FileUpload -->
