<?xml version="1.0" encoding="UTF-8"?>
<!-- Generated by org.testng.reporters.JUnitReportReporter -->
<testsuite hostname="DESKTOP-4DS910L" failures="0" tests="1" name="testscript.Alert_Frame" time="24.258" errors="0" timestamp="2024-12-09T20:03:21 IST" skipped="0">
  <testcase classname="testscript.Alert_Frame" name="frame" time="24.258"/>
</testsuite> <!-- testscript.Alert_Frame -->
