<?xml version="1.0" encoding="UTF-8"?>
<!-- Generated by org.testng.reporters.JUnitReportReporter -->
<testsuite hostname="DESKTOP-4DS910L" failures="0" tests="2" name="testscript.TestngSample" time="0.063" errors="0" timestamp="2024-12-17T20:51:01 IST" skipped="0">
  <testcase classname="testscript.TestngSample" name="test2" time="0.011"/>
  <testcase classname="testscript.TestngSample" name="test1" time="0.052"/>
</testsuite> <!-- testscript.TestngSample -->
