<?xml version="1.0" encoding="UTF-8"?>
<!-- Generated by org.testng.reporters.JUnitReportReporter -->
<testsuite hostname="DESKTOP-4DS910L" failures="0" tests="3" name="testscript.TestSample" time="19.281" errors="0" timestamp="2024-12-28T21:30:38 IST" skipped="0">
  <testcase classname="testscript.TestSample" name="print" time="6.331"/>
  <testcase classname="testscript.TestSample" name="display" time="6.885"/>
  <testcase classname="testscript.TestSample" name="show" time="6.065"/>
</testsuite> <!-- testscript.TestSample -->
